<?xml version="1.0" encoding="UTF-8"?>
<testng-results ignored="0" total="1" passed="0" failed="0" skipped="1">
  <reporter-output>
  </reporter-output>
  <suite started-at="2018-11-21T16:21:01Z" name="Default suite" finished-at="2018-11-21T16:21:02Z" duration-ms="1379">
    <groups>
    </groups>
    <test started-at="2018-11-21T16:21:01Z" name="Default test" finished-at="2018-11-21T16:21:02Z" duration-ms="1379">
      <class name="Appium.appium.AndroidCalcAppExample">
        <test-method is-config="true" signature="setUp()[pri:0, instance:Appium.appium.AndroidCalcAppExample@f2ff811]" started-at="2018-11-21T21:51:01Z" name="setUp" finished-at="2018-11-21T21:51:02Z" duration-ms="1324" status="FAIL">
          <exception class="io.appium.java_client.service.local.InvalidServerInstanceException">
            <message>
              <![CDATA[Invalid server instance exception has occured: There is no installed nodes! Please install node via NPM (https://www.npmjs.com/package/appium#using-node-js) or download and install Appium app (http://appium.io/downloads.html)]]>
            </message>
            <full-stacktrace>
              <![CDATA[io.appium.java_client.service.local.InvalidServerInstanceException: Invalid server instance exception has occured: There is no installed nodes! Please install node via NPM (https://www.npmjs.com/package/appium#using-node-js) or download and install Appium app (http://appium.io/downloads.html)
	at io.appium.java_client.service.local.AppiumServiceBuilder.findNodeInCurrentFileSystem(AppiumServiceBuilder.java:156)
	at io.appium.java_client.service.local.AppiumServiceBuilder.checkAppiumJS(AppiumServiceBuilder.java:310)
	at io.appium.java_client.service.local.AppiumServiceBuilder.createArgs(AppiumServiceBuilder.java:390)
	at org.openqa.selenium.remote.service.DriverService$Builder.build(DriverService.java:332)
	at io.appium.java_client.service.local.AppiumDriverLocalService.buildService(AppiumDriverLocalService.java:76)
	at io.appium.java_client.service.local.AppiumDriverLocalService.buildDefaultService(AppiumDriverLocalService.java:72)
	at Appium.appium.AndroidCalcAppExample.setUp(AndroidCalcAppExample.java:27)
	at java.base/jdk.internal.reflect.NativeMethodAccessorImpl.invoke0(Native Method)
	at java.base/jdk.internal.reflect.NativeMethodAccessorImpl.invoke(NativeMethodAccessorImpl.java:62)
	at java.base/jdk.internal.reflect.DelegatingMethodAccessorImpl.invoke(DelegatingMethodAccessorImpl.java:43)
	at java.base/java.lang.reflect.Method.invoke(Method.java:564)
	at org.testng.internal.MethodInvocationHelper.invokeMethod(MethodInvocationHelper.java:108)
	at org.testng.internal.Invoker.invokeConfigurationMethod(Invoker.java:523)
	at org.testng.internal.Invoker.invokeConfigurations(Invoker.java:224)
	at org.testng.internal.Invoker.invokeConfigurations(Invoker.java:146)
	at org.testng.TestRunner.beforeRun(TestRunner.java:626)
	at org.testng.TestRunner.run(TestRunner.java:594)
	at org.testng.SuiteRunner.runTest(SuiteRunner.java:380)
	at org.testng.SuiteRunner.runSequentially(SuiteRunner.java:375)
	at org.testng.SuiteRunner.privateRun(SuiteRunner.java:340)
	at org.testng.SuiteRunner.run(SuiteRunner.java:289)
	at org.testng.SuiteRunnerWorker.runSuite(SuiteRunnerWorker.java:52)
	at org.testng.SuiteRunnerWorker.run(SuiteRunnerWorker.java:86)
	at org.testng.TestNG.runSuitesSequentially(TestNG.java:1301)
	at org.testng.TestNG.runSuitesLocally(TestNG.java:1226)
	at org.testng.TestNG.runSuites(TestNG.java:1144)
	at org.testng.TestNG.run(TestNG.java:1115)
	at org.testng.remote.AbstractRemoteTestNG.run(AbstractRemoteTestNG.java:114)
	at org.testng.remote.RemoteTestNG.initAndRun(RemoteTestNG.java:251)
	at org.testng.remote.RemoteTestNG.main(RemoteTestNG.java:77)
Caused by: java.io.IOException: /usr/local/lib/node_modules

	at io.appium.java_client.service.local.AppiumServiceBuilder.findNodeInCurrentFileSystem(AppiumServiceBuilder.java:157)
	... 29 more
]]>
            </full-stacktrace>
          </exception> <!-- io.appium.java_client.service.local.InvalidServerInstanceException -->
          <reporter-output>
          </reporter-output>
        </test-method> <!-- setUp -->
        <test-method signature="Sum()[pri:0, instance:Appium.appium.AndroidCalcAppExample@f2ff811]" started-at="2018-11-21T21:51:02Z" name="Sum" finished-at="2018-11-21T21:51:02Z" duration-ms="0" status="SKIP">
          <exception class="io.appium.java_client.service.local.InvalidServerInstanceException">
            <message>
              <![CDATA[Invalid server instance exception has occured: There is no installed nodes! Please install node via NPM (https://www.npmjs.com/package/appium#using-node-js) or download and install Appium app (http://appium.io/downloads.html)]]>
            </message>
            <full-stacktrace>
              <![CDATA[io.appium.java_client.service.local.InvalidServerInstanceException: Invalid server instance exception has occured: There is no installed nodes! Please install node via NPM (https://www.npmjs.com/package/appium#using-node-js) or download and install Appium app (http://appium.io/downloads.html)
	at io.appium.java_client.service.local.AppiumServiceBuilder.findNodeInCurrentFileSystem(AppiumServiceBuilder.java:156)
	at io.appium.java_client.service.local.AppiumServiceBuilder.checkAppiumJS(AppiumServiceBuilder.java:310)
	at io.appium.java_client.service.local.AppiumServiceBuilder.createArgs(AppiumServiceBuilder.java:390)
	at org.openqa.selenium.remote.service.DriverService$Builder.build(DriverService.java:332)
	at io.appium.java_client.service.local.AppiumDriverLocalService.buildService(AppiumDriverLocalService.java:76)
	at io.appium.java_client.service.local.AppiumDriverLocalService.buildDefaultService(AppiumDriverLocalService.java:72)
	at Appium.appium.AndroidCalcAppExample.setUp(AndroidCalcAppExample.java:27)
	at java.base/jdk.internal.reflect.NativeMethodAccessorImpl.invoke0(Native Method)
	at java.base/jdk.internal.reflect.NativeMethodAccessorImpl.invoke(NativeMethodAccessorImpl.java:62)
	at java.base/jdk.internal.reflect.DelegatingMethodAccessorImpl.invoke(DelegatingMethodAccessorImpl.java:43)
	at java.base/java.lang.reflect.Method.invoke(Method.java:564)
	at org.testng.internal.MethodInvocationHelper.invokeMethod(MethodInvocationHelper.java:108)
	at org.testng.internal.Invoker.invokeConfigurationMethod(Invoker.java:523)
	at org.testng.internal.Invoker.invokeConfigurations(Invoker.java:224)
	at org.testng.internal.Invoker.invokeConfigurations(Invoker.java:146)
	at org.testng.TestRunner.beforeRun(TestRunner.java:626)
	at org.testng.TestRunner.run(TestRunner.java:594)
	at org.testng.SuiteRunner.runTest(SuiteRunner.java:380)
	at org.testng.SuiteRunner.runSequentially(SuiteRunner.java:375)
	at org.testng.SuiteRunner.privateRun(SuiteRunner.java:340)
	at org.testng.SuiteRunner.run(SuiteRunner.java:289)
	at org.testng.SuiteRunnerWorker.runSuite(SuiteRunnerWorker.java:52)
	at org.testng.SuiteRunnerWorker.run(SuiteRunnerWorker.java:86)
	at org.testng.TestNG.runSuitesSequentially(TestNG.java:1301)
	at org.testng.TestNG.runSuitesLocally(TestNG.java:1226)
	at org.testng.TestNG.runSuites(TestNG.java:1144)
	at org.testng.TestNG.run(TestNG.java:1115)
	at org.testng.remote.AbstractRemoteTestNG.run(AbstractRemoteTestNG.java:114)
	at org.testng.remote.RemoteTestNG.initAndRun(RemoteTestNG.java:251)
	at org.testng.remote.RemoteTestNG.main(RemoteTestNG.java:77)
Caused by: java.io.IOException: /usr/local/lib/node_modules

	at io.appium.java_client.service.local.AppiumServiceBuilder.findNodeInCurrentFileSystem(AppiumServiceBuilder.java:157)
	... 29 more
]]>
            </full-stacktrace>
          </exception> <!-- io.appium.java_client.service.local.InvalidServerInstanceException -->
          <reporter-output>
          </reporter-output>
        </test-method> <!-- Sum -->
        <test-method is-config="true" signature="End()[pri:0, instance:Appium.appium.AndroidCalcAppExample@f2ff811]" started-at="2018-11-21T21:51:02Z" name="End" finished-at="2018-11-21T21:51:02Z" duration-ms="0" status="SKIP">
          <reporter-output>
          </reporter-output>
        </test-method> <!-- End -->
      </class> <!-- Appium.appium.AndroidCalcAppExample -->
    </test> <!-- Default test -->
  </suite> <!-- Default suite -->
</testng-results>
